# JRE version: OpenJDK Runtime Environment (21.0.9) (build 21.0.9+-14787801-b1163.94)
# Java VM: OpenJDK 64-Bit Server VM (21.0.9+-14787801-b1163.94, mixed mode, tiered, compressed oops, compressed class ptrs, g1 gc, windows-amd64)
GC Precious Log:
 CardTable entry size: 512
 Card Set container configuration: InlinePtr #cards 5 size 8 Array Of Cards #cards 12 size 40 Howl #buckets 4 coarsen threshold 1843 Howl Bitmap #cards 512 size 80 coarsen threshold 460 Card regions per heap region 1 cards per card region 2048
 CPUs: 16 total, 16 available
 Memory: 7514M
 Large Page Support: Disabled
 NUMA Support: Disabled
 Compressed Oops: Enabled (32-bit)
 Heap Region Size: 1M
 Heap Min Capacity: 8M
 Heap Initial Capacity: 118M
 Heap Max Capacity: 1880M
 Pre-touch: Disabled
 Parallel Workers: 13
 Concurrent Workers: 3
 Concurrent Refinement Workers: 13
 Periodic GC: Disabled
Heap:
 garbage-first heap   total 167936K, used 115706K [0x000000008a800000, 0x0000000100000000)
  region size 1024K, 6 young (6144K), 6 survivors (6144K)
 Metaspace       used 72493K, committed 72832K, reserved 1114112K
  class space    used 7793K, committed 7936K, reserved 1048576K
GC Heap History (20 events):
Event: 4.743 GC heap after
{Heap after GC invocations=21 (full 0):
 garbage-first heap   total 71680K, used 50176K [0x000000008a800000, 0x0000000100000000)
  region size 1024K, 2 young (2048K), 2 survivors (2048K)
 Metaspace       used 56385K, committed 56640K, reserved 1114112K
  class space    used 6541K, committed 6656K, reserved 1048576K
}
Event: 4.909 GC heap before
{Heap before GC invocations=21 (full 0):
 garbage-first heap   total 71680K, used 62464K [0x000000008a800000, 0x0000000100000000)
  region size 1024K, 14 young (14336K), 2 survivors (2048K)
 Metaspace       used 56736K, committed 57024K, reserved 1114112K
  class space    used 6575K, committed 6656K, reserved 1048576K
}
Event: 4.918 GC heap after
{Heap after GC invocations=22 (full 0):
 garbage-first heap   total 143360K, used 54144K [0x000000008a800000, 0x0000000100000000)
  region size 1024K, 2 young (2048K), 2 survivors (2048K)
 Metaspace       used 56736K, committed 57024K, reserved 1114112K
  class space    used 6575K, committed 6656K, reserved 1048576K
}
Event: 6.506 GC heap before
{Heap before GC invocations=23 (full 0):
 garbage-first heap   total 143360K, used 103296K [0x000000008a800000, 0x0000000100000000)
  region size 1024K, 51 young (52224K), 2 survivors (2048K)
 Metaspace       used 59554K, committed 59840K, reserved 1114112K
  class space    used 6718K, committed 6848K, reserved 1048576K
}
Event: 6.525 GC heap after
{Heap after GC invocations=24 (full 0):
 garbage-first heap   total 143360K, used 63952K [0x000000008a800000, 0x0000000100000000)
  region size 1024K, 7 young (7168K), 7 survivors (7168K)
 Metaspace       used 59554K, committed 59840K, reserved 1114112K
  class space    used 6718K, committed 6848K, reserved 1048576K
}
Event: 8.086 GC heap before
{Heap before GC invocations=24 (full 0):
 garbage-first heap   total 143360K, used 106960K [0x000000008a800000, 0x0000000100000000)
  region size 1024K, 49 young (50176K), 7 survivors (7168K)
 Metaspace       used 60837K, committed 61056K, reserved 1114112K
  class space    used 6810K, committed 6912K, reserved 1048576K
}
Event: 8.101 GC heap after
{Heap after GC invocations=25 (full 0):
 garbage-first heap   total 143360K, used 68352K [0x000000008a800000, 0x0000000100000000)
  region size 1024K, 4 young (4096K), 4 survivors (4096K)
 Metaspace       used 60837K, committed 61056K, reserved 1114112K
  class space    used 6810K, committed 6912K, reserved 1048576K
}
Event: 9.886 GC heap before
{Heap before GC invocations=25 (full 0):
 garbage-first heap   total 143360K, used 112384K [0x000000008a800000, 0x0000000100000000)
  region size 1024K, 47 young (48128K), 4 survivors (4096K)
 Metaspace       used 64663K, committed 64960K, reserved 1114112K
  class space    used 7135K, committed 7296K, reserved 1048576K
}
Event: 9.900 GC heap after
{Heap after GC invocations=26 (full 0):
 garbage-first heap   total 143360K, used 74619K [0x000000008a800000, 0x0000000100000000)
  region size 1024K, 6 young (6144K), 6 survivors (6144K)
 Metaspace       used 64663K, committed 64960K, reserved 1114112K
  class space    used 7135K, committed 7296K, reserved 1048576K
}
Event: 10.427 GC heap before
{Heap before GC invocations=26 (full 0):
 garbage-first heap   total 143360K, used 118651K [0x000000008a800000, 0x0000000100000000)
  region size 1024K, 49 young (50176K), 6 survivors (6144K)
 Metaspace       used 64887K, committed 65216K, reserved 1114112K
  class space    used 7135K, committed 7296K, reserved 1048576K
}
Event: 10.451 GC heap after
{Heap after GC invocations=27 (full 0):
 garbage-first heap   total 143360K, used 81598K [0x000000008a800000, 0x0000000100000000)
  region size 1024K, 7 young (7168K), 7 survivors (7168K)
 Metaspace       used 64887K, committed 65216K, reserved 1114112K
  class space    used 7135K, committed 7296K, reserved 1048576K
}
Event: 10.828 GC heap before
{Heap before GC invocations=28 (full 0):
 garbage-first heap   total 143360K, used 122558K [0x000000008a800000, 0x0000000100000000)
  region size 1024K, 47 young (48128K), 7 survivors (7168K)
 Metaspace       used 66012K, committed 66304K, reserved 1114112K
  class space    used 7250K, committed 7360K, reserved 1048576K
}
Event: 10.851 GC heap after
{Heap after GC invocations=29 (full 0):
 garbage-first heap   total 143360K, used 88210K [0x000000008a800000, 0x0000000100000000)
  region size 1024K, 6 young (6144K), 6 survivors (6144K)
 Metaspace       used 66012K, committed 66304K, reserved 1114112K
  class space    used 7250K, committed 7360K, reserved 1048576K
}
Event: 12.079 GC heap before
{Heap before GC invocations=29 (full 0):
 garbage-first heap   total 143360K, used 124050K [0x000000008a800000, 0x0000000100000000)
  region size 1024K, 42 young (43008K), 6 survivors (6144K)
 Metaspace       used 72060K, committed 72384K, reserved 1114112K
  class space    used 7766K, committed 7872K, reserved 1048576K
}
Event: 12.096 GC heap after
{Heap after GC invocations=30 (full 0):
 garbage-first heap   total 143360K, used 92979K [0x000000008a800000, 0x0000000100000000)
  region size 1024K, 6 young (6144K), 6 survivors (6144K)
 Metaspace       used 72060K, committed 72384K, reserved 1114112K
  class space    used 7766K, committed 7872K, reserved 1048576K
}
Event: 12.333 GC heap before
{Heap before GC invocations=30 (full 0):
 garbage-first heap   total 143360K, used 126771K [0x000000008a800000, 0x0000000100000000)
  region size 1024K, 39 young (39936K), 6 survivors (6144K)
 Metaspace       used 72289K, committed 72640K, reserved 1114112K
  class space    used 7773K, committed 7936K, reserved 1048576K
}
Event: 12.354 GC heap after
{Heap after GC invocations=31 (full 0):
 garbage-first heap   total 143360K, used 100238K [0x000000008a800000, 0x0000000100000000)
  region size 1024K, 5 young (5120K), 5 survivors (5120K)
 Metaspace       used 72289K, committed 72640K, reserved 1114112K
  class space    used 7773K, committed 7936K, reserved 1048576K
}
Event: 12.576 GC heap before
{Heap before GC invocations=32 (full 0):
 garbage-first heap   total 167936K, used 127886K [0x000000008a800000, 0x0000000100000000)
  region size 1024K, 32 young (32768K), 5 survivors (5120K)
 Metaspace       used 72315K, committed 72640K, reserved 1114112K
  class space    used 7776K, committed 7936K, reserved 1048576K
}
Event: 12.598 GC heap after
{Heap after GC invocations=33 (full 0):
 garbage-first heap   total 167936K, used 107486K [0x000000008a800000, 0x0000000100000000)
  region size 1024K, 4 young (4096K), 4 survivors (4096K)
 Metaspace       used 72315K, committed 72640K, reserved 1114112K
  class space    used 7776K, committed 7936K, reserved 1048576K
}
Event: 12.840 GC heap before
{Heap before GC invocations=33 (full 0):
 garbage-first heap   total 167936K, used 146398K [0x000000008a800000, 0x0000000100000000)
  region size 1024K, 42 young (43008K), 4 survivors (4096K)
 Metaspace       used 72493K, committed 72832K, reserved 1114112K
  class space    used 7793K, committed 7936K, reserved 1048576K
}

