# JRE version: OpenJDK Runtime Environment (21.0.9) (build 21.0.9+-14787801-b1163.94)
# Java VM: OpenJDK 64-Bit Server VM (21.0.9+-14787801-b1163.94, mixed mode, tiered, compressed oops, compressed class ptrs, g1 gc, windows-amd64)
GC Precious Log:
 CardTable entry size: 512
 Card Set container configuration: InlinePtr #cards 5 size 8 Array Of Cards #cards 12 size 40 Howl #buckets 4 coarsen threshold 1843 Howl Bitmap #cards 512 size 80 coarsen threshold 460 Card regions per heap region 1 cards per card region 2048
 CPUs: 16 total, 16 available
 Memory: 7514M
 Large Page Support: Disabled
 NUMA Support: Disabled
 Compressed Oops: Enabled (32-bit)
 Heap Region Size: 1M
 Heap Min Capacity: 8M
 Heap Initial Capacity: 118M
 Heap Max Capacity: 2G
 Pre-touch: Disabled
 Parallel Workers: 13
 Concurrent Workers: 3
 Concurrent Refinement Workers: 13
 Periodic GC: Disabled
Heap:
 garbage-first heap   total 126976K, used 102488K [0x0000000080000000, 0x0000000100000000)
  region size 1024K, 31 young (31744K), 5 survivors (5120K)
 Metaspace       used 72559K, committed 74432K, reserved 1114112K
  class space    used 10411K, committed 11328K, reserved 1048576K
GC Heap History (20 events):
Event: 9.065 GC heap before
{Heap before GC invocations=7 (full 0):
 garbage-first heap   total 81920K, used 60652K [0x0000000080000000, 0x0000000100000000)
  region size 1024K, 43 young (44032K), 6 survivors (6144K)
 Metaspace       used 35369K, committed 36096K, reserved 1114112K
  class space    used 4621K, committed 4992K, reserved 1048576K
}
Event: 9.076 GC heap after
{Heap after GC invocations=8 (full 0):
 garbage-first heap   total 81920K, used 25773K [0x0000000080000000, 0x0000000100000000)
  region size 1024K, 5 young (5120K), 5 survivors (5120K)
 Metaspace       used 35369K, committed 36096K, reserved 1114112K
  class space    used 4621K, committed 4992K, reserved 1048576K
}
Event: 9.180 GC heap before
{Heap before GC invocations=8 (full 0):
 garbage-first heap   total 81920K, used 28845K [0x0000000080000000, 0x0000000100000000)
  region size 1024K, 9 young (9216K), 5 survivors (5120K)
 Metaspace       used 35716K, committed 36416K, reserved 1114112K
  class space    used 4667K, committed 4992K, reserved 1048576K
}
Event: 9.189 GC heap after
{Heap after GC invocations=9 (full 0):
 garbage-first heap   total 81920K, used 26558K [0x0000000080000000, 0x0000000100000000)
  region size 1024K, 3 young (3072K), 3 survivors (3072K)
 Metaspace       used 35716K, committed 36416K, reserved 1114112K
  class space    used 4667K, committed 4992K, reserved 1048576K
}
Event: 12.935 GC heap before
{Heap before GC invocations=10 (full 0):
 garbage-first heap   total 83968K, used 81854K [0x0000000080000000, 0x0000000100000000)
  region size 1024K, 41 young (41984K), 3 survivors (3072K)
 Metaspace       used 39745K, committed 40704K, reserved 1114112K
  class space    used 5404K, committed 5888K, reserved 1048576K
}
Event: 12.947 GC heap after
{Heap after GC invocations=11 (full 0):
 garbage-first heap   total 125952K, used 50064K [0x0000000080000000, 0x0000000100000000)
  region size 1024K, 6 young (6144K), 6 survivors (6144K)
 Metaspace       used 39745K, committed 40704K, reserved 1114112K
  class space    used 5404K, committed 5888K, reserved 1048576K
}
Event: 16.656 GC heap before
{Heap before GC invocations=11 (full 0):
 garbage-first heap   total 125952K, used 109456K [0x0000000080000000, 0x0000000100000000)
  region size 1024K, 63 young (64512K), 6 survivors (6144K)
 Metaspace       used 46567K, committed 47808K, reserved 1114112K
  class space    used 6557K, committed 7168K, reserved 1048576K
}
Event: 16.667 GC heap after
{Heap after GC invocations=12 (full 0):
 garbage-first heap   total 125952K, used 55403K [0x0000000080000000, 0x0000000100000000)
  region size 1024K, 8 young (8192K), 8 survivors (8192K)
 Metaspace       used 46567K, committed 47808K, reserved 1114112K
  class space    used 6557K, committed 7168K, reserved 1048576K
}
Event: 19.553 GC heap before
{Heap before GC invocations=12 (full 0):
 garbage-first heap   total 125952K, used 109675K [0x0000000080000000, 0x0000000100000000)
  region size 1024K, 62 young (63488K), 8 survivors (8192K)
 Metaspace       used 54237K, committed 55744K, reserved 1114112K
  class space    used 7594K, committed 8320K, reserved 1048576K
}
Event: 19.568 GC heap after
{Heap after GC invocations=13 (full 0):
 garbage-first heap   total 125952K, used 61168K [0x0000000080000000, 0x0000000100000000)
  region size 1024K, 6 young (6144K), 6 survivors (6144K)
 Metaspace       used 54237K, committed 55744K, reserved 1114112K
  class space    used 7594K, committed 8320K, reserved 1048576K
}
Event: 21.705 GC heap before
{Heap before GC invocations=13 (full 0):
 garbage-first heap   total 125952K, used 90864K [0x0000000080000000, 0x0000000100000000)
  region size 1024K, 36 young (36864K), 6 survivors (6144K)
 Metaspace       used 57309K, committed 58816K, reserved 1114112K
  class space    used 8118K, committed 8832K, reserved 1048576K
}
Event: 21.717 GC heap after
{Heap after GC invocations=14 (full 0):
 garbage-first heap   total 125952K, used 64543K [0x0000000080000000, 0x0000000100000000)
  region size 1024K, 4 young (4096K), 4 survivors (4096K)
 Metaspace       used 57309K, committed 58816K, reserved 1114112K
  class space    used 8118K, committed 8832K, reserved 1048576K
}
Event: 23.562 GC heap before
{Heap before GC invocations=15 (full 0):
 garbage-first heap   total 125952K, used 113695K [0x0000000080000000, 0x0000000100000000)
  region size 1024K, 50 young (51200K), 4 survivors (4096K)
 Metaspace       used 59289K, committed 61056K, reserved 1114112K
  class space    used 8355K, committed 9216K, reserved 1048576K
}
Event: 23.573 GC heap after
{Heap after GC invocations=16 (full 0):
 garbage-first heap   total 125952K, used 72459K [0x0000000080000000, 0x0000000100000000)
  region size 1024K, 7 young (7168K), 7 survivors (7168K)
 Metaspace       used 59289K, committed 61056K, reserved 1114112K
  class space    used 8355K, committed 9216K, reserved 1048576K
}
Event: 24.081 GC heap before
{Heap before GC invocations=16 (full 0):
 garbage-first heap   total 125952K, used 112395K [0x0000000080000000, 0x0000000100000000)
  region size 1024K, 46 young (47104K), 7 survivors (7168K)
 Metaspace       used 60197K, committed 62016K, reserved 1114112K
  class space    used 8522K, committed 9408K, reserved 1048576K
}
Event: 24.090 GC heap after
{Heap after GC invocations=17 (full 0):
 garbage-first heap   total 125952K, used 73464K [0x0000000080000000, 0x0000000100000000)
  region size 1024K, 2 young (2048K), 2 survivors (2048K)
 Metaspace       used 60197K, committed 62016K, reserved 1114112K
  class space    used 8522K, committed 9408K, reserved 1048576K
}
Event: 25.894 GC heap before
{Heap before GC invocations=17 (full 0):
 garbage-first heap   total 125952K, used 113400K [0x0000000080000000, 0x0000000100000000)
  region size 1024K, 41 young (41984K), 2 survivors (2048K)
 Metaspace       used 64976K, committed 66816K, reserved 1114112K
  class space    used 9196K, committed 10048K, reserved 1048576K
}
Event: 25.900 GC heap after
{Heap after GC invocations=18 (full 0):
 garbage-first heap   total 125952K, used 74701K [0x0000000080000000, 0x0000000100000000)
  region size 1024K, 3 young (3072K), 3 survivors (3072K)
 Metaspace       used 64976K, committed 66816K, reserved 1114112K
  class space    used 9196K, committed 10048K, reserved 1048576K
}
Event: 27.578 GC heap before
{Heap before GC invocations=19 (full 0):
 garbage-first heap   total 126976K, used 114637K [0x0000000080000000, 0x0000000100000000)
  region size 1024K, 42 young (43008K), 3 survivors (3072K)
 Metaspace       used 69876K, committed 71744K, reserved 1114112K
  class space    used 9981K, committed 10880K, reserved 1048576K
}
Event: 27.586 GC heap after
{Heap after GC invocations=20 (full 0):
 garbage-first heap   total 126976K, used 76888K [0x0000000080000000, 0x0000000100000000)
  region size 1024K, 5 young (5120K), 5 survivors (5120K)
 Metaspace       used 69876K, committed 71744K, reserved 1114112K
  class space    used 9981K, committed 10880K, reserved 1048576K
}

