# JRE version: OpenJDK Runtime Environment (21.0.9) (build 21.0.9+-14787801-b1163.94)
# Java VM: OpenJDK 64-Bit Server VM (21.0.9+-14787801-b1163.94, mixed mode, tiered, compressed oops, compressed class ptrs, g1 gc, windows-amd64)
GC Precious Log:
 CardTable entry size: 512
 Card Set container configuration: InlinePtr #cards 5 size 8 Array Of Cards #cards 12 size 40 Howl #buckets 4 coarsen threshold 1843 Howl Bitmap #cards 512 size 80 coarsen threshold 460 Card regions per heap region 1 cards per card region 2048
 CPUs: 16 total, 16 available
 Memory: 7514M
 Large Page Support: Disabled
 NUMA Support: Disabled
 Compressed Oops: Enabled (32-bit)
 Heap Region Size: 1M
 Heap Min Capacity: 8M
 Heap Initial Capacity: 118M
 Heap Max Capacity: 2G
 Pre-touch: Disabled
 Parallel Workers: 13
 Concurrent Workers: 3
 Concurrent Refinement Workers: 13
 Periodic GC: Disabled
Heap:
 garbage-first heap   total 105472K, used 71120K [0x0000000080000000, 0x0000000100000000)
  region size 1024K, 5 young (5120K), 4 survivors (4096K)
 Metaspace       used 57895K, committed 59456K, reserved 1114112K
  class space    used 8180K, committed 8896K, reserved 1048576K
GC Heap History (20 events):
Event: 8.583 GC heap before
{Heap before GC invocations=4 (full 0):
 garbage-first heap   total 120832K, used 38912K [0x0000000080000000, 0x0000000100000000)
  region size 1024K, 27 young (27648K), 6 survivors (6144K)
 Metaspace       used 21206K, committed 21504K, reserved 1114112K
  class space    used 2475K, committed 2624K, reserved 1048576K
}
Event: 8.594 GC heap after
{Heap after GC invocations=5 (full 0):
 garbage-first heap   total 120832K, used 21374K [0x0000000080000000, 0x0000000100000000)
  region size 1024K, 4 young (4096K), 4 survivors (4096K)
 Metaspace       used 21206K, committed 21504K, reserved 1114112K
  class space    used 2475K, committed 2624K, reserved 1048576K
}
Event: 10.601 GC heap before
{Heap before GC invocations=6 (full 0):
 garbage-first heap   total 75776K, used 73598K [0x0000000080000000, 0x0000000100000000)
  region size 1024K, 54 young (55296K), 4 survivors (4096K)
 Metaspace       used 30332K, committed 30848K, reserved 1114112K
  class space    used 3768K, committed 3968K, reserved 1048576K
}
Event: 10.613 GC heap after
{Heap after GC invocations=7 (full 0):
 garbage-first heap   total 98304K, used 23950K [0x0000000080000000, 0x0000000100000000)
  region size 1024K, 6 young (6144K), 6 survivors (6144K)
 Metaspace       used 30332K, committed 30848K, reserved 1114112K
  class space    used 3768K, committed 3968K, reserved 1048576K
}
Event: 12.598 GC heap before
{Heap before GC invocations=7 (full 0):
 garbage-first heap   total 98304K, used 59790K [0x0000000080000000, 0x0000000100000000)
  region size 1024K, 42 young (43008K), 6 survivors (6144K)
 Metaspace       used 35267K, committed 35968K, reserved 1114112K
  class space    used 4599K, committed 4928K, reserved 1048576K
}
Event: 12.611 GC heap after
{Heap after GC invocations=8 (full 0):
 garbage-first heap   total 98304K, used 26166K [0x0000000080000000, 0x0000000100000000)
  region size 1024K, 6 young (6144K), 6 survivors (6144K)
 Metaspace       used 35267K, committed 35968K, reserved 1114112K
  class space    used 4599K, committed 4928K, reserved 1048576K
}
Event: 12.759 GC heap before
{Heap before GC invocations=8 (full 0):
 garbage-first heap   total 98304K, used 28214K [0x0000000080000000, 0x0000000100000000)
  region size 1024K, 9 young (9216K), 6 survivors (6144K)
 Metaspace       used 35587K, committed 36288K, reserved 1114112K
  class space    used 4655K, committed 4992K, reserved 1048576K
}
Event: 12.768 GC heap after
{Heap after GC invocations=9 (full 0):
 garbage-first heap   total 98304K, used 26446K [0x0000000080000000, 0x0000000100000000)
  region size 1024K, 3 young (3072K), 3 survivors (3072K)
 Metaspace       used 35587K, committed 36288K, reserved 1114112K
  class space    used 4655K, committed 4992K, reserved 1048576K
}
Event: 14.354 GC heap before
{Heap before GC invocations=10 (full 0):
 garbage-first heap   total 92160K, used 89934K [0x0000000080000000, 0x0000000100000000)
  region size 1024K, 48 young (49152K), 3 survivors (3072K)
 Metaspace       used 40132K, committed 41024K, reserved 1114112K
  class space    used 5478K, committed 5888K, reserved 1048576K
}
Event: 14.367 GC heap after
{Heap after GC invocations=11 (full 0):
 garbage-first heap   total 105472K, used 55104K [0x0000000080000000, 0x0000000100000000)
  region size 1024K, 8 young (8192K), 8 survivors (8192K)
 Metaspace       used 40132K, committed 41024K, reserved 1114112K
  class space    used 5478K, committed 5888K, reserved 1048576K
}
Event: 16.496 GC heap before
{Heap before GC invocations=11 (full 0):
 garbage-first heap   total 105472K, used 89920K [0x0000000080000000, 0x0000000100000000)
  region size 1024K, 42 young (43008K), 8 survivors (8192K)
 Metaspace       used 44344K, committed 45440K, reserved 1114112K
  class space    used 6155K, committed 6656K, reserved 1048576K
}
Event: 16.508 GC heap after
{Heap after GC invocations=12 (full 0):
 garbage-first heap   total 105472K, used 56385K [0x0000000080000000, 0x0000000100000000)
  region size 1024K, 2 young (2048K), 2 survivors (2048K)
 Metaspace       used 44344K, committed 45440K, reserved 1114112K
  class space    used 6155K, committed 6656K, reserved 1048576K
}
Event: 18.245 GC heap before
{Heap before GC invocations=12 (full 0):
 garbage-first heap   total 105472K, used 91201K [0x0000000080000000, 0x0000000100000000)
  region size 1024K, 37 young (37888K), 2 survivors (2048K)
 Metaspace       used 49867K, committed 51136K, reserved 1114112K
  class space    used 6896K, committed 7488K, reserved 1048576K
}
Event: 18.254 GC heap after
{Heap after GC invocations=13 (full 0):
 garbage-first heap   total 105472K, used 59452K [0x0000000080000000, 0x0000000100000000)
  region size 1024K, 5 young (5120K), 5 survivors (5120K)
 Metaspace       used 49867K, committed 51136K, reserved 1114112K
  class space    used 6896K, committed 7488K, reserved 1048576K
}
Event: 20.058 GC heap before
{Heap before GC invocations=14 (full 0):
 garbage-first heap   total 105472K, used 93244K [0x0000000080000000, 0x0000000100000000)
  region size 1024K, 38 young (38912K), 5 survivors (5120K)
 Metaspace       used 53942K, committed 55424K, reserved 1114112K
  class space    used 7556K, committed 8256K, reserved 1048576K
}
Event: 20.068 GC heap after
{Heap after GC invocations=15 (full 0):
 garbage-first heap   total 105472K, used 62625K [0x0000000080000000, 0x0000000100000000)
  region size 1024K, 4 young (4096K), 4 survivors (4096K)
 Metaspace       used 53942K, committed 55424K, reserved 1114112K
  class space    used 7556K, committed 8256K, reserved 1048576K
}
Event: 21.713 GC heap before
{Heap before GC invocations=15 (full 0):
 garbage-first heap   total 105472K, used 96417K [0x0000000080000000, 0x0000000100000000)
  region size 1024K, 35 young (35840K), 4 survivors (4096K)
 Metaspace       used 57235K, committed 58816K, reserved 1114112K
  class space    used 8125K, committed 8832K, reserved 1048576K
}
Event: 21.721 GC heap after
{Heap after GC invocations=16 (full 0):
 garbage-first heap   total 105472K, used 66823K [0x0000000080000000, 0x0000000100000000)
  region size 1024K, 3 young (3072K), 3 survivors (3072K)
 Metaspace       used 57235K, committed 58816K, reserved 1114112K
  class space    used 8125K, committed 8832K, reserved 1048576K
}
Event: 22.917 GC heap before
{Heap before GC invocations=16 (full 0):
 garbage-first heap   total 105472K, used 94471K [0x0000000080000000, 0x0000000100000000)
  region size 1024K, 31 young (31744K), 3 survivors (3072K)
 Metaspace       used 57880K, committed 59456K, reserved 1114112K
  class space    used 8177K, committed 8896K, reserved 1048576K
}
Event: 22.926 GC heap after
{Heap after GC invocations=17 (full 0):
 garbage-first heap   total 105472K, used 71120K [0x0000000080000000, 0x0000000100000000)
  region size 1024K, 4 young (4096K), 4 survivors (4096K)
 Metaspace       used 57880K, committed 59456K, reserved 1114112K
  class space    used 8177K, committed 8896K, reserved 1048576K
}

