# JRE version: OpenJDK Runtime Environment (21.0.9) (build 21.0.9+-14787801-b1163.94)
# Java VM: OpenJDK 64-Bit Server VM (21.0.9+-14787801-b1163.94, mixed mode, tiered, compressed oops, compressed class ptrs, g1 gc, windows-amd64)
GC Precious Log:
 CardTable entry size: 512
 Card Set container configuration: InlinePtr #cards 5 size 8 Array Of Cards #cards 12 size 40 Howl #buckets 4 coarsen threshold 1843 Howl Bitmap #cards 512 size 80 coarsen threshold 460 Card regions per heap region 1 cards per card region 2048
 CPUs: 16 total, 16 available
 Memory: 7514M
 Large Page Support: Disabled
 NUMA Support: Disabled
 Compressed Oops: Enabled (32-bit)
 Heap Region Size: 1M
 Heap Min Capacity: 8M
 Heap Initial Capacity: 118M
 Heap Max Capacity: 1880M
 Pre-touch: Disabled
 Parallel Workers: 13
 Concurrent Workers: 3
 Concurrent Refinement Workers: 13
 Periodic GC: Disabled
Heap:
 garbage-first heap   total 158720K, used 110592K [0x000000008a800000, 0x0000000100000000)
  region size 1024K, 6 young (6144K), 6 survivors (6144K)
 Metaspace       used 72341K, committed 72704K, reserved 1114112K
  class space    used 7776K, committed 7936K, reserved 1048576K
GC Heap History (20 events):
Event: 7.606 GC heap after
{Heap after GC invocations=23 (full 0):
 garbage-first heap   total 71680K, used 49971K [0x000000008a800000, 0x0000000100000000)
  region size 1024K, 3 young (3072K), 3 survivors (3072K)
 Metaspace       used 56384K, committed 56640K, reserved 1114112K
  class space    used 6541K, committed 6656K, reserved 1048576K
}
Event: 7.893 GC heap before
{Heap before GC invocations=23 (full 0):
 garbage-first heap   total 71680K, used 62259K [0x000000008a800000, 0x0000000100000000)
  region size 1024K, 15 young (15360K), 3 survivors (3072K)
 Metaspace       used 56719K, committed 56960K, reserved 1114112K
  class space    used 6575K, committed 6656K, reserved 1048576K
}
Event: 7.909 GC heap after
{Heap after GC invocations=24 (full 0):
 garbage-first heap   total 135168K, used 53248K [0x000000008a800000, 0x0000000100000000)
  region size 1024K, 2 young (2048K), 2 survivors (2048K)
 Metaspace       used 56719K, committed 56960K, reserved 1114112K
  class space    used 6575K, committed 6656K, reserved 1048576K
}
Event: 10.614 GC heap before
{Heap before GC invocations=25 (full 0):
 garbage-first heap   total 135168K, used 106496K [0x000000008a800000, 0x0000000100000000)
  region size 1024K, 54 young (55296K), 2 survivors (2048K)
 Metaspace       used 59601K, committed 59904K, reserved 1114112K
  class space    used 6721K, committed 6848K, reserved 1048576K
}
Event: 10.638 GC heap after
{Heap after GC invocations=26 (full 0):
 garbage-first heap   total 135168K, used 63004K [0x000000008a800000, 0x0000000100000000)
  region size 1024K, 7 young (7168K), 7 survivors (7168K)
 Metaspace       used 59601K, committed 59904K, reserved 1114112K
  class space    used 6721K, committed 6848K, reserved 1048576K
}
Event: 12.490 GC heap before
{Heap before GC invocations=26 (full 0):
 garbage-first heap   total 135168K, used 102940K [0x000000008a800000, 0x0000000100000000)
  region size 1024K, 46 young (47104K), 7 survivors (7168K)
 Metaspace       used 60889K, committed 61120K, reserved 1114112K
  class space    used 6816K, committed 6912K, reserved 1048576K
}
Event: 12.511 GC heap after
{Heap after GC invocations=27 (full 0):
 garbage-first heap   total 135168K, used 67346K [0x000000008a800000, 0x0000000100000000)
  region size 1024K, 4 young (4096K), 4 survivors (4096K)
 Metaspace       used 60889K, committed 61120K, reserved 1114112K
  class space    used 6816K, committed 6912K, reserved 1048576K
}
Event: 14.541 GC heap before
{Heap before GC invocations=27 (full 0):
 garbage-first heap   total 135168K, used 108306K [0x000000008a800000, 0x0000000100000000)
  region size 1024K, 44 young (45056K), 4 survivors (4096K)
 Metaspace       used 64659K, committed 64960K, reserved 1114112K
  class space    used 7135K, committed 7296K, reserved 1048576K
}
Event: 14.556 GC heap after
{Heap after GC invocations=28 (full 0):
 garbage-first heap   total 135168K, used 72916K [0x000000008a800000, 0x0000000100000000)
  region size 1024K, 6 young (6144K), 6 survivors (6144K)
 Metaspace       used 64659K, committed 64960K, reserved 1114112K
  class space    used 7135K, committed 7296K, reserved 1048576K
}
Event: 15.061 GC heap before
{Heap before GC invocations=28 (full 0):
 garbage-first heap   total 135168K, used 112852K [0x000000008a800000, 0x0000000100000000)
  region size 1024K, 45 young (46080K), 6 survivors (6144K)
 Metaspace       used 64875K, committed 65216K, reserved 1114112K
  class space    used 7136K, committed 7296K, reserved 1048576K
}
Event: 15.084 GC heap after
{Heap after GC invocations=29 (full 0):
 garbage-first heap   total 135168K, used 79138K [0x000000008a800000, 0x0000000100000000)
  region size 1024K, 6 young (6144K), 6 survivors (6144K)
 Metaspace       used 64875K, committed 65216K, reserved 1114112K
  class space    used 7136K, committed 7296K, reserved 1048576K
}
Event: 15.306 GC heap before
{Heap before GC invocations=30 (full 0):
 garbage-first heap   total 135168K, used 116002K [0x000000008a800000, 0x0000000100000000)
  region size 1024K, 42 young (43008K), 6 survivors (6144K)
 Metaspace       used 64903K, committed 65216K, reserved 1114112K
  class space    used 7137K, committed 7296K, reserved 1048576K
}
Event: 15.320 GC heap after
{Heap after GC invocations=31 (full 0):
 garbage-first heap   total 135168K, used 85192K [0x000000008a800000, 0x0000000100000000)
  region size 1024K, 6 young (6144K), 6 survivors (6144K)
 Metaspace       used 64903K, committed 65216K, reserved 1114112K
  class space    used 7137K, committed 7296K, reserved 1048576K
}
Event: 16.294 GC heap before
{Heap before GC invocations=31 (full 0):
 garbage-first heap   total 135168K, used 118984K [0x000000008a800000, 0x0000000100000000)
  region size 1024K, 39 young (39936K), 6 survivors (6144K)
 Metaspace       used 70592K, committed 70976K, reserved 1114112K
  class space    used 7641K, committed 7808K, reserved 1048576K
}
Event: 16.307 GC heap after
{Heap after GC invocations=32 (full 0):
 garbage-first heap   total 135168K, used 88411K [0x000000008a800000, 0x0000000100000000)
  region size 1024K, 5 young (5120K), 5 survivors (5120K)
 Metaspace       used 70592K, committed 70976K, reserved 1114112K
  class space    used 7641K, committed 7808K, reserved 1048576K
}
Event: 16.730 GC heap before
{Heap before GC invocations=32 (full 0):
 garbage-first heap   total 135168K, used 120155K [0x000000008a800000, 0x0000000100000000)
  region size 1024K, 36 young (36864K), 5 survivors (5120K)
 Metaspace       used 72101K, committed 72448K, reserved 1114112K
  class space    used 7767K, committed 7936K, reserved 1048576K
}
Event: 16.750 GC heap after
{Heap after GC invocations=33 (full 0):
 garbage-first heap   total 135168K, used 95232K [0x000000008a800000, 0x0000000100000000)
  region size 1024K, 5 young (5120K), 5 survivors (5120K)
 Metaspace       used 72101K, committed 72448K, reserved 1114112K
  class space    used 7767K, committed 7936K, reserved 1048576K
}
Event: 17.042 GC heap before
{Heap before GC invocations=34 (full 0):
 garbage-first heap   total 158720K, used 120832K [0x000000008a800000, 0x0000000100000000)
  region size 1024K, 30 young (30720K), 5 survivors (5120K)
 Metaspace       used 72305K, committed 72640K, reserved 1114112K
  class space    used 7775K, committed 7936K, reserved 1048576K
}
Event: 17.060 GC heap after
{Heap after GC invocations=35 (full 0):
 garbage-first heap   total 158720K, used 101376K [0x000000008a800000, 0x0000000100000000)
  region size 1024K, 4 young (4096K), 4 survivors (4096K)
 Metaspace       used 72305K, committed 72640K, reserved 1114112K
  class space    used 7775K, committed 7936K, reserved 1048576K
}
Event: 17.257 GC heap before
{Heap before GC invocations=35 (full 0):
 garbage-first heap   total 158720K, used 139264K [0x000000008a800000, 0x0000000100000000)
  region size 1024K, 41 young (41984K), 4 survivors (4096K)
 Metaspace       used 72341K, committed 72704K, reserved 1114112K
  class space    used 7776K, committed 7936K, reserved 1048576K
}

