# JRE version: OpenJDK Runtime Environment (21.0.9) (build 21.0.9+-14787801-b1163.94)
# Java VM: OpenJDK 64-Bit Server VM (21.0.9+-14787801-b1163.94, mixed mode, tiered, compressed oops, compressed class ptrs, g1 gc, windows-amd64)
GC Precious Log:
 CardTable entry size: 512
 Card Set container configuration: InlinePtr #cards 5 size 8 Array Of Cards #cards 12 size 40 Howl #buckets 4 coarsen threshold 1843 Howl Bitmap #cards 512 size 80 coarsen threshold 460 Card regions per heap region 1 cards per card region 2048
 CPUs: 16 total, 16 available
 Memory: 7514M
 Large Page Support: Disabled
 NUMA Support: Disabled
 Compressed Oops: Enabled (32-bit)
 Heap Region Size: 1M
 Heap Min Capacity: 8M
 Heap Initial Capacity: 118M
 Heap Max Capacity: 2G
 Pre-touch: Disabled
 Parallel Workers: 13
 Concurrent Workers: 3
 Concurrent Refinement Workers: 13
 Periodic GC: Disabled
Heap:
 garbage-first heap   total 101376K, used 83688K [0x0000000080000000, 0x0000000100000000)
  region size 1024K, 47 young (48128K), 7 survivors (7168K)
 Metaspace       used 58544K, committed 60224K, reserved 1114112K
  class space    used 8287K, committed 9088K, reserved 1048576K
GC Heap History (20 events):
Event: 1.697 GC heap before
{Heap before GC invocations=2 (full 0):
 garbage-first heap   total 120832K, used 77663K [0x0000000080000000, 0x0000000100000000)
  region size 1024K, 70 young (71680K), 5 survivors (5120K)
 Metaspace       used 12878K, committed 13056K, reserved 1114112K
  class space    used 1399K, committed 1472K, reserved 1048576K
}
Event: 1.703 GC heap after
{Heap after GC invocations=3 (full 0):
 garbage-first heap   total 120832K, used 11848K [0x0000000080000000, 0x0000000100000000)
  region size 1024K, 6 young (6144K), 6 survivors (6144K)
 Metaspace       used 12878K, committed 13056K, reserved 1114112K
  class space    used 1399K, committed 1472K, reserved 1048576K
}
Event: 2.402 GC heap before
{Heap before GC invocations=3 (full 0):
 garbage-first heap   total 120832K, used 79432K [0x0000000080000000, 0x0000000100000000)
  region size 1024K, 70 young (71680K), 6 survivors (6144K)
 Metaspace       used 13912K, committed 14144K, reserved 1114112K
  class space    used 1581K, committed 1664K, reserved 1048576K
}
Event: 2.410 GC heap after
{Heap after GC invocations=4 (full 0):
 garbage-first heap   total 120832K, used 17957K [0x0000000080000000, 0x0000000100000000)
  region size 1024K, 6 young (6144K), 6 survivors (6144K)
 Metaspace       used 13912K, committed 14144K, reserved 1114112K
  class space    used 1581K, committed 1664K, reserved 1048576K
}
Event: 3.039 GC heap before
{Heap before GC invocations=4 (full 0):
 garbage-first heap   total 120832K, used 39461K [0x0000000080000000, 0x0000000100000000)
  region size 1024K, 28 young (28672K), 6 survivors (6144K)
 Metaspace       used 21187K, committed 21504K, reserved 1114112K
  class space    used 2471K, committed 2624K, reserved 1048576K
}
Event: 3.046 GC heap after
{Heap after GC invocations=5 (full 0):
 garbage-first heap   total 145408K, used 21217K [0x0000000080000000, 0x0000000100000000)
  region size 1024K, 4 young (4096K), 4 survivors (4096K)
 Metaspace       used 21187K, committed 21504K, reserved 1114112K
  class space    used 2471K, committed 2624K, reserved 1048576K
}
Event: 4.085 GC heap before
{Heap before GC invocations=6 (full 0):
 garbage-first heap   total 75776K, used 73441K [0x0000000080000000, 0x0000000100000000)
  region size 1024K, 54 young (55296K), 4 survivors (4096K)
 Metaspace       used 29982K, committed 30528K, reserved 1114112K
  class space    used 3726K, committed 3968K, reserved 1048576K
}
Event: 4.092 GC heap after
{Heap after GC invocations=7 (full 0):
 garbage-first heap   total 81920K, used 23697K [0x0000000080000000, 0x0000000100000000)
  region size 1024K, 6 young (6144K), 6 survivors (6144K)
 Metaspace       used 29982K, committed 30528K, reserved 1114112K
  class space    used 3726K, committed 3968K, reserved 1048576K
}
Event: 4.818 GC heap before
{Heap before GC invocations=7 (full 0):
 garbage-first heap   total 81920K, used 61585K [0x0000000080000000, 0x0000000100000000)
  region size 1024K, 44 young (45056K), 6 survivors (6144K)
 Metaspace       used 35311K, committed 35968K, reserved 1114112K
  class space    used 4607K, committed 4928K, reserved 1048576K
}
Event: 4.828 GC heap after
{Heap after GC invocations=8 (full 0):
 garbage-first heap   total 81920K, used 26227K [0x0000000080000000, 0x0000000100000000)
  region size 1024K, 6 young (6144K), 6 survivors (6144K)
 Metaspace       used 35311K, committed 35968K, reserved 1114112K
  class space    used 4607K, committed 4928K, reserved 1048576K
}
Event: 4.865 GC heap before
{Heap before GC invocations=8 (full 0):
 garbage-first heap   total 81920K, used 28275K [0x0000000080000000, 0x0000000100000000)
  region size 1024K, 9 young (9216K), 6 survivors (6144K)
 Metaspace       used 35613K, committed 36288K, reserved 1114112K
  class space    used 4659K, committed 4992K, reserved 1048576K
}
Event: 4.871 GC heap after
{Heap after GC invocations=9 (full 0):
 garbage-first heap   total 81920K, used 26603K [0x0000000080000000, 0x0000000100000000)
  region size 1024K, 4 young (4096K), 4 survivors (4096K)
 Metaspace       used 35613K, committed 36288K, reserved 1114112K
  class space    used 4659K, committed 4992K, reserved 1048576K
}
Event: 5.688 GC heap before
{Heap before GC invocations=10 (full 0):
 garbage-first heap   total 81920K, used 71659K [0x0000000080000000, 0x0000000100000000)
  region size 1024K, 48 young (49152K), 4 survivors (4096K)
 Metaspace       used 41541K, committed 42624K, reserved 1114112K
  class space    used 5693K, committed 6208K, reserved 1048576K
}
Event: 5.694 GC heap after
{Heap after GC invocations=11 (full 0):
 garbage-first heap   total 81920K, used 28577K [0x0000000080000000, 0x0000000100000000)
  region size 1024K, 5 young (5120K), 5 survivors (5120K)
 Metaspace       used 41541K, committed 42624K, reserved 1114112K
  class space    used 5693K, committed 6208K, reserved 1048576K
}
Event: 6.509 GC heap before
{Heap before GC invocations=11 (full 0):
 garbage-first heap   total 81920K, used 71585K [0x0000000080000000, 0x0000000100000000)
  region size 1024K, 48 young (49152K), 5 survivors (5120K)
 Metaspace       used 48508K, committed 49792K, reserved 1114112K
  class space    used 6678K, committed 7296K, reserved 1048576K
}
Event: 6.520 GC heap after
{Heap after GC invocations=12 (full 0):
 garbage-first heap   total 82944K, used 32329K [0x0000000080000000, 0x0000000100000000)
  region size 1024K, 6 young (6144K), 6 survivors (6144K)
 Metaspace       used 48508K, committed 49792K, reserved 1114112K
  class space    used 6678K, committed 7296K, reserved 1048576K
}
Event: 7.167 GC heap before
{Heap before GC invocations=12 (full 0):
 garbage-first heap   total 82944K, used 73289K [0x0000000080000000, 0x0000000100000000)
  region size 1024K, 46 young (47104K), 6 survivors (6144K)
 Metaspace       used 53720K, committed 55168K, reserved 1114112K
  class space    used 7511K, committed 8192K, reserved 1048576K
}
Event: 7.176 GC heap after
{Heap after GC invocations=13 (full 0):
 garbage-first heap   total 101376K, used 36113K [0x0000000080000000, 0x0000000100000000)
  region size 1024K, 4 young (4096K), 4 survivors (4096K)
 Metaspace       used 53720K, committed 55168K, reserved 1114112K
  class space    used 7511K, committed 8192K, reserved 1048576K
}
Event: 8.447 GC heap before
{Heap before GC invocations=13 (full 0):
 garbage-first heap   total 101376K, used 90385K [0x0000000080000000, 0x0000000100000000)
  region size 1024K, 56 young (57344K), 4 survivors (4096K)
 Metaspace       used 56734K, committed 58432K, reserved 1114112K
  class space    used 7986K, committed 8768K, reserved 1048576K
}
Event: 8.458 GC heap after
{Heap after GC invocations=14 (full 0):
 garbage-first heap   total 101376K, used 43752K [0x0000000080000000, 0x0000000100000000)
  region size 1024K, 7 young (7168K), 7 survivors (7168K)
 Metaspace       used 56734K, committed 58432K, reserved 1114112K
  class space    used 7986K, committed 8768K, reserved 1048576K
}

