# JRE version: OpenJDK Runtime Environment (21.0.9) (build 21.0.9+-14787801-b1163.94)
# Java VM: OpenJDK 64-Bit Server VM (21.0.9+-14787801-b1163.94, mixed mode, tiered, compressed oops, compressed class ptrs, g1 gc, windows-amd64)
GC Precious Log:
 CardTable entry size: 512
 Card Set container configuration: InlinePtr #cards 5 size 8 Array Of Cards #cards 12 size 40 Howl #buckets 4 coarsen threshold 1843 Howl Bitmap #cards 512 size 80 coarsen threshold 460 Card regions per heap region 1 cards per card region 2048
 CPUs: 16 total, 16 available
 Memory: 7514M
 Large Page Support: Disabled
 NUMA Support: Disabled
 Compressed Oops: Enabled (32-bit)
 Heap Region Size: 1M
 Heap Min Capacity: 8M
 Heap Initial Capacity: 118M
 Heap Max Capacity: 2G
 Pre-touch: Disabled
 Parallel Workers: 13
 Concurrent Workers: 3
 Concurrent Refinement Workers: 13
 Periodic GC: Disabled
Heap:
 garbage-first heap   total 351232K, used 329721K [0x0000000080000000, 0x0000000100000000)
  region size 1024K, 172 young (176128K), 14 survivors (14336K)
 Metaspace       used 143907K, committed 146432K, reserved 1179648K
  class space    used 19281K, committed 20480K, reserved 1048576K
GC Heap History (20 events):
Event: 23.297 GC heap after
{Heap after GC invocations=50 (full 0):
 garbage-first heap   total 296960K, used 126540K [0x0000000080000000, 0x0000000100000000)
  region size 1024K, 8 young (8192K), 8 survivors (8192K)
 Metaspace       used 120989K, committed 123392K, reserved 1179648K
  class space    used 16898K, committed 18048K, reserved 1048576K
}
Event: 23.581 GC heap before
{Heap before GC invocations=51 (full 0):
 garbage-first heap   total 296960K, used 280140K [0x0000000080000000, 0x0000000100000000)
  region size 1024K, 159 young (162816K), 8 survivors (8192K)
 Metaspace       used 121040K, committed 123392K, reserved 1179648K
  class space    used 16902K, committed 18048K, reserved 1048576K
}
Event: 23.591 GC heap after
{Heap after GC invocations=52 (full 0):
 garbage-first heap   total 296960K, used 128132K [0x0000000080000000, 0x0000000100000000)
  region size 1024K, 10 young (10240K), 10 survivors (10240K)
 Metaspace       used 121040K, committed 123392K, reserved 1179648K
  class space    used 16902K, committed 18048K, reserved 1048576K
}
Event: 24.595 GC heap before
{Heap before GC invocations=52 (full 0):
 garbage-first heap   total 296960K, used 295044K [0x0000000080000000, 0x0000000100000000)
  region size 1024K, 156 young (159744K), 10 survivors (10240K)
 Metaspace       used 122281K, committed 124672K, reserved 1179648K
  class space    used 17002K, committed 18176K, reserved 1048576K
}
Event: 24.612 GC heap after
{Heap after GC invocations=53 (full 0):
 garbage-first heap   total 311296K, used 128341K [0x0000000080000000, 0x0000000100000000)
  region size 1024K, 11 young (11264K), 11 survivors (11264K)
 Metaspace       used 122281K, committed 124672K, reserved 1179648K
  class space    used 17002K, committed 18176K, reserved 1048576K
}
Event: 24.944 GC heap before
{Heap before GC invocations=53 (full 0):
 garbage-first heap   total 311296K, used 293205K [0x0000000080000000, 0x0000000100000000)
  region size 1024K, 173 young (177152K), 11 survivors (11264K)
 Metaspace       used 122394K, committed 124800K, reserved 1179648K
  class space    used 17012K, committed 18176K, reserved 1048576K
}
Event: 24.955 GC heap after
{Heap after GC invocations=54 (full 0):
 garbage-first heap   total 311296K, used 129886K [0x0000000080000000, 0x0000000100000000)
  region size 1024K, 13 young (13312K), 13 survivors (13312K)
 Metaspace       used 122394K, committed 124800K, reserved 1179648K
  class space    used 17012K, committed 18176K, reserved 1048576K
}
Event: 25.322 GC heap before
{Heap before GC invocations=55 (full 0):
 garbage-first heap   total 311296K, used 292702K [0x0000000080000000, 0x0000000100000000)
  region size 1024K, 173 young (177152K), 13 survivors (13312K)
 Metaspace       used 122753K, committed 125184K, reserved 1179648K
  class space    used 17045K, committed 18240K, reserved 1048576K
}
Event: 25.336 GC heap after
{Heap after GC invocations=56 (full 0):
 garbage-first heap   total 311296K, used 131349K [0x0000000080000000, 0x0000000100000000)
  region size 1024K, 13 young (13312K), 13 survivors (13312K)
 Metaspace       used 122753K, committed 125184K, reserved 1179648K
  class space    used 17045K, committed 18240K, reserved 1048576K
}
Event: 28.504 GC heap before
{Heap before GC invocations=56 (full 0):
 garbage-first heap   total 311296K, used 307477K [0x0000000080000000, 0x0000000100000000)
  region size 1024K, 172 young (176128K), 13 survivors (13312K)
 Metaspace       used 128154K, committed 130560K, reserved 1179648K
  class space    used 17716K, committed 18880K, reserved 1048576K
}
Event: 28.524 GC heap after
{Heap after GC invocations=57 (full 0):
 garbage-first heap   total 330752K, used 134909K [0x0000000080000000, 0x0000000100000000)
  region size 1024K, 16 young (16384K), 16 survivors (16384K)
 Metaspace       used 128154K, committed 130560K, reserved 1179648K
  class space    used 17716K, committed 18880K, reserved 1048576K
}
Event: 222.217 GC heap before
{Heap before GC invocations=57 (full 0):
 garbage-first heap   total 330752K, used 311037K [0x0000000080000000, 0x0000000100000000)
  region size 1024K, 189 young (193536K), 16 survivors (16384K)
 Metaspace       used 133537K, committed 135872K, reserved 1179648K
  class space    used 18185K, committed 19328K, reserved 1048576K
}
Event: 222.505 GC heap after
{Heap after GC invocations=58 (full 0):
 garbage-first heap   total 330752K, used 135716K [0x0000000080000000, 0x0000000100000000)
  region size 1024K, 14 young (14336K), 14 survivors (14336K)
 Metaspace       used 133537K, committed 135872K, reserved 1179648K
  class space    used 18185K, committed 19328K, reserved 1048576K
}
Event: 492.205 GC heap before
{Heap before GC invocations=59 (full 0):
 garbage-first heap   total 330752K, used 311844K [0x0000000080000000, 0x0000000100000000)
  region size 1024K, 186 young (190464K), 14 survivors (14336K)
 Metaspace       used 133553K, committed 135936K, reserved 1179648K
  class space    used 18185K, committed 19328K, reserved 1048576K
}
Event: 492.321 GC heap after
{Heap after GC invocations=60 (full 0):
 garbage-first heap   total 330752K, used 136469K [0x0000000080000000, 0x0000000100000000)
  region size 1024K, 14 young (14336K), 14 survivors (14336K)
 Metaspace       used 133553K, committed 135936K, reserved 1179648K
  class space    used 18185K, committed 19328K, reserved 1048576K
}
Event: 752.229 GC heap before
{Heap before GC invocations=60 (full 0):
 garbage-first heap   total 330752K, used 312597K [0x0000000080000000, 0x0000000100000000)
  region size 1024K, 186 young (190464K), 14 survivors (14336K)
 Metaspace       used 133584K, committed 136000K, reserved 1179648K
  class space    used 18189K, committed 19328K, reserved 1048576K
}
Event: 752.513 GC heap after
{Heap after GC invocations=61 (full 0):
 garbage-first heap   total 330752K, used 134423K [0x0000000080000000, 0x0000000100000000)
  region size 1024K, 13 young (13312K), 13 survivors (13312K)
 Metaspace       used 133584K, committed 136000K, reserved 1179648K
  class space    used 18189K, committed 19328K, reserved 1048576K
}
Event: 796.052 GC heap before
{Heap before GC invocations=61 (full 0):
 garbage-first heap   total 330752K, used 289047K [0x0000000080000000, 0x0000000100000000)
  region size 1024K, 165 young (168960K), 13 survivors (13312K)
 Metaspace       used 134195K, committed 136576K, reserved 1179648K
  class space    used 18206K, committed 19328K, reserved 1048576K
}
Event: 796.097 GC heap after
{Heap after GC invocations=62 (full 0):
 garbage-first heap   total 330752K, used 144377K [0x0000000080000000, 0x0000000100000000)
  region size 1024K, 23 young (23552K), 23 survivors (23552K)
 Metaspace       used 134195K, committed 136576K, reserved 1179648K
  class space    used 18206K, committed 19328K, reserved 1048576K
}
Event: 802.228 GC heap before
{Heap before GC invocations=63 (full 0):
 garbage-first heap   total 330752K, used 328697K [0x0000000080000000, 0x0000000100000000)
  region size 1024K, 181 young (185344K), 23 survivors (23552K)
 Metaspace       used 143907K, committed 146432K, reserved 1179648K
  class space    used 19281K, committed 20480K, reserved 1048576K
}

