# JRE version: OpenJDK Runtime Environment (21.0.9) (build 21.0.9+-14787801-b1163.94)
# Java VM: OpenJDK 64-Bit Server VM (21.0.9+-14787801-b1163.94, mixed mode, tiered, compressed oops, compressed class ptrs, g1 gc, windows-amd64)
GC Precious Log:
 CardTable entry size: 512
 Card Set container configuration: InlinePtr #cards 5 size 8 Array Of Cards #cards 12 size 40 Howl #buckets 4 coarsen threshold 1843 Howl Bitmap #cards 512 size 80 coarsen threshold 460 Card regions per heap region 1 cards per card region 2048
 CPUs: 16 total, 16 available
 Memory: 7514M
 Large Page Support: Disabled
 NUMA Support: Disabled
 Compressed Oops: Enabled (32-bit)
 Heap Region Size: 1M
 Heap Min Capacity: 8M
 Heap Initial Capacity: 118M
 Heap Max Capacity: 2G
 Pre-touch: Disabled
 Parallel Workers: 13
 Concurrent Workers: 3
 Concurrent Refinement Workers: 13
 Periodic GC: Disabled
Heap:
 garbage-first heap   total 110592K, used 57718K [0x0000000080000000, 0x0000000100000000)
  region size 1024K, 14 young (14336K), 4 survivors (4096K)
 Metaspace       used 66879K, committed 68736K, reserved 1114112K
  class space    used 9565K, committed 10432K, reserved 1048576K
GC Heap History (20 events):
Event: 4.241 GC heap before
{Heap before GC invocations=6 (full 0):
 garbage-first heap   total 75776K, used 73978K [0x0000000080000000, 0x0000000100000000)
  region size 1024K, 53 young (54272K), 3 survivors (3072K)
 Metaspace       used 30065K, committed 30528K, reserved 1114112K
  class space    used 3744K, committed 3968K, reserved 1048576K
}
Event: 4.248 GC heap after
{Heap after GC invocations=7 (full 0):
 garbage-first heap   total 98304K, used 23892K [0x0000000080000000, 0x0000000100000000)
  region size 1024K, 6 young (6144K), 6 survivors (6144K)
 Metaspace       used 30065K, committed 30528K, reserved 1114112K
  class space    used 3744K, committed 3968K, reserved 1048576K
}
Event: 5.067 GC heap before
{Heap before GC invocations=7 (full 0):
 garbage-first heap   total 98304K, used 61780K [0x0000000080000000, 0x0000000100000000)
  region size 1024K, 44 young (45056K), 6 survivors (6144K)
 Metaspace       used 35342K, committed 35968K, reserved 1114112K
  class space    used 4616K, committed 4928K, reserved 1048576K
}
Event: 5.076 GC heap after
{Heap after GC invocations=8 (full 0):
 garbage-first heap   total 98304K, used 26319K [0x0000000080000000, 0x0000000100000000)
  region size 1024K, 6 young (6144K), 6 survivors (6144K)
 Metaspace       used 35342K, committed 35968K, reserved 1114112K
  class space    used 4616K, committed 4928K, reserved 1048576K
}
Event: 5.100 GC heap before
{Heap before GC invocations=8 (full 0):
 garbage-first heap   total 98304K, used 27343K [0x0000000080000000, 0x0000000100000000)
  region size 1024K, 8 young (8192K), 6 survivors (6144K)
 Metaspace       used 35568K, committed 36288K, reserved 1114112K
  class space    used 4653K, committed 4992K, reserved 1048576K
}
Event: 5.105 GC heap after
{Heap after GC invocations=9 (full 0):
 garbage-first heap   total 98304K, used 26755K [0x0000000080000000, 0x0000000100000000)
  region size 1024K, 3 young (3072K), 3 survivors (3072K)
 Metaspace       used 35568K, committed 36288K, reserved 1114112K
  class space    used 4653K, committed 4992K, reserved 1048576K
}
Event: 5.926 GC heap before
{Heap before GC invocations=10 (full 0):
 garbage-first heap   total 92160K, used 82051K [0x0000000080000000, 0x0000000100000000)
  region size 1024K, 57 young (58368K), 3 survivors (3072K)
 Metaspace       used 42515K, committed 43712K, reserved 1114112K
  class space    used 5893K, committed 6464K, reserved 1048576K
}
Event: 5.934 GC heap after
{Heap after GC invocations=11 (full 0):
 garbage-first heap   total 92160K, used 29427K [0x0000000080000000, 0x0000000100000000)
  region size 1024K, 6 young (6144K), 6 survivors (6144K)
 Metaspace       used 42515K, committed 43712K, reserved 1114112K
  class space    used 5893K, committed 6464K, reserved 1048576K
}
Event: 6.835 GC heap before
{Heap before GC invocations=11 (full 0):
 garbage-first heap   total 92160K, used 77555K [0x0000000080000000, 0x0000000100000000)
  region size 1024K, 54 young (55296K), 6 survivors (6144K)
 Metaspace       used 50224K, committed 51584K, reserved 1114112K
  class space    used 6945K, committed 7616K, reserved 1048576K
}
Event: 6.847 GC heap after
{Heap after GC invocations=12 (full 0):
 garbage-first heap   total 92160K, used 33983K [0x0000000080000000, 0x0000000100000000)
  region size 1024K, 7 young (7168K), 7 survivors (7168K)
 Metaspace       used 50224K, committed 51584K, reserved 1114112K
  class space    used 6945K, committed 7616K, reserved 1048576K
}
Event: 7.561 GC heap before
{Heap before GC invocations=12 (full 0):
 garbage-first heap   total 92160K, used 79039K [0x0000000080000000, 0x0000000100000000)
  region size 1024K, 51 young (52224K), 7 survivors (7168K)
 Metaspace       used 55193K, committed 56704K, reserved 1114112K
  class space    used 7794K, committed 8512K, reserved 1048576K
}
Event: 7.573 GC heap after
{Heap after GC invocations=13 (full 0):
 garbage-first heap   total 92160K, used 38447K [0x0000000080000000, 0x0000000100000000)
  region size 1024K, 4 young (4096K), 4 survivors (4096K)
 Metaspace       used 55193K, committed 56704K, reserved 1114112K
  class space    used 7794K, committed 8512K, reserved 1048576K
}
Event: 8.137 GC heap before
{Heap before GC invocations=13 (full 0):
 garbage-first heap   total 92160K, used 81455K [0x0000000080000000, 0x0000000100000000)
  region size 1024K, 45 young (46080K), 4 survivors (4096K)
 Metaspace       used 56790K, committed 58496K, reserved 1114112K
  class space    used 8010K, committed 8832K, reserved 1048576K
}
Event: 8.144 GC heap after
{Heap after GC invocations=14 (full 0):
 garbage-first heap   total 92160K, used 44473K [0x0000000080000000, 0x0000000100000000)
  region size 1024K, 5 young (5120K), 5 survivors (5120K)
 Metaspace       used 56790K, committed 58496K, reserved 1114112K
  class space    used 8010K, committed 8832K, reserved 1048576K
}
Event: 8.476 GC heap before
{Heap before GC invocations=14 (full 0):
 garbage-first heap   total 92160K, used 80313K [0x0000000080000000, 0x0000000100000000)
  region size 1024K, 40 young (40960K), 5 survivors (5120K)
 Metaspace       used 58728K, committed 60480K, reserved 1114112K
  class space    used 8323K, committed 9152K, reserved 1048576K
}
Event: 8.482 GC heap after
{Heap after GC invocations=15 (full 0):
 garbage-first heap   total 110592K, used 45851K [0x0000000080000000, 0x0000000100000000)
  region size 1024K, 2 young (2048K), 2 survivors (2048K)
 Metaspace       used 58728K, committed 60480K, reserved 1114112K
  class space    used 8323K, committed 9152K, reserved 1048576K
}
Event: 8.503 GC heap before
{Heap before GC invocations=15 (full 0):
 garbage-first heap   total 110592K, used 46875K [0x0000000080000000, 0x0000000100000000)
  region size 1024K, 4 young (4096K), 2 survivors (2048K)
 Metaspace       used 58931K, committed 60608K, reserved 1114112K
  class space    used 8361K, committed 9152K, reserved 1048576K
}
Event: 8.506 GC heap after
{Heap after GC invocations=16 (full 0):
 garbage-first heap   total 110592K, used 45755K [0x0000000080000000, 0x0000000100000000)
  region size 1024K, 2 young (2048K), 2 survivors (2048K)
 Metaspace       used 58931K, committed 60608K, reserved 1114112K
  class space    used 8361K, committed 9152K, reserved 1048576K
}
Event: 11.636 GC heap before
{Heap before GC invocations=17 (full 0):
 garbage-first heap   total 110592K, used 99003K [0x0000000080000000, 0x0000000100000000)
  region size 1024K, 54 young (55296K), 2 survivors (2048K)
 Metaspace       used 65735K, committed 67456K, reserved 1114112K
  class space    used 9369K, committed 10176K, reserved 1048576K
}
Event: 11.643 GC heap after
{Heap after GC invocations=18 (full 0):
 garbage-first heap   total 110592K, used 48502K [0x0000000080000000, 0x0000000100000000)
  region size 1024K, 4 young (4096K), 4 survivors (4096K)
 Metaspace       used 65735K, committed 67456K, reserved 1114112K
  class space    used 9369K, committed 10176K, reserved 1048576K
}

